#
# There is insufficient memory for the Java Runtime Environment to continue.
# Native memory allocation (mmap) failed to map 134217728 bytes for Failed to commit area from 0x0000000081e00000 to 0x0000000089e00000 of length 134217728.
# Possible reasons:
#   The system is out of physical RAM or swap space
#   The process is running with CompressedOops enabled, and the Java Heap may be blocking the growth of the native heap
# Possible solutions:
#   Reduce memory load on the system
#   Increase physical memory or swap space
#   Check if swap backing store is full
#   Decrease Java heap size (-Xmx/-Xms)
#   Decrease number of Java threads
#   Decrease Java thread stack sizes (-Xss)
#   Set larger code cache with -XX:ReservedCodeCacheSize=
# This output file may be truncated or incomplete.
#
#  Out of Memory Error (t:/workspace/open/src/hotspot/os/windows/os_windows.cpp:3269), pid=84920, tid=41732
#
# JRE version:  (11.0.2+9) (build )
# Java VM: Java HotSpot(TM) 64-Bit Server VM (11.0.2+9-LTS, mixed mode, aot, sharing, tiered, compressed oops, g1 gc, windows-amd64)
# No core dump will be written. Minidumps are not enabled by default on client versions of Windows
#

---------------  S U M M A R Y ------------

Command Line: -Dmaven.multiModuleProjectDirectory=D:\myproject\Genesis -Dmaven.home=D:\apache-maven-3.3.3 -Dclassworlds.conf=D:\apache-maven-3.3.3\bin\m2.conf -javaagent:D:\IDEA\IntelliJ IDEA 2019.1.2\lib\idea_rt.jar=59930:D:\IDEA\IntelliJ IDEA 2019.1.2\bin -Dfile.encoding=UTF-8 org.codehaus.classworlds.Launcher -Didea.version2019.1.2 -s D:\Java-maven\settings.xml -Dmaven.repo.local=D:\Java-maven\repository clean

Host: Intel(R) Core(TM) i5-8250U CPU @ 1.60GHz, 8 cores, 7G,  Windows 10 , 64 bit Build 18362 (10.0.18362.329)
Time: Sun Nov 10 14:44:22 2019 ?D1ú±ê×?ê±?? elapsed time: 0 seconds (0d 0h 0m 0s)

---------------  T H R E A D  ---------------

Current thread (0x000001309acbf000):  JavaThread "Unknown thread" [_thread_in_vm, id=41732, stack(0x00000001e5800000,0x00000001e5900000)]

Stack: [0x00000001e5800000,0x00000001e5900000]
Native frames: (J=compiled Java code, j=interpreted, Vv=VM code, C=native code)
V  [jvm.dll+0x63574a]
V  [jvm.dll+0x77326f]
V  [jvm.dll+0x77491a]
V  [jvm.dll+0x774fd3]
V  [jvm.dll+0x25e418]
V  [jvm.dll+0x632c0a]
V  [jvm.dll+0x627645]
V  [jvm.dll+0x314e7c]
V  [jvm.dll+0x314d02]
V  [jvm.dll+0x31a576]
V  [jvm.dll+0x36635f]
V  [jvm.dll+0x365d80]
V  [jvm.dll+0x2f19f8]
V  [jvm.dll+0x2f2b56]
V  [jvm.dll+0x74c817]
V  [jvm.dll+0x74df5f]
V  [jvm.dll+0x373179]
V  [jvm.dll+0x732eb9]
V  [jvm.dll+0x3e295d]
V  [jvm.dll+0x3e4c61]
C  [java.exe+0x3607]
C  [java.exe+0x178dc]
C  [KERNEL32.DLL+0x17bd4]
C  [ntdll.dll+0x6ced1]


---------------  P R O C E S S  ---------------

Threads class SMR info:
_java_thread_list=0x0000013098b703c0, length=0, elements={
}

Java Threads: ( => current thread )

Other Threads:
  0x000001309acd6800 GCTaskThread "GC Thread#0" [stack: 0x00000001e5900000,0x00000001e5a00000] [id=86336]
  0x000001309ad06800 ConcurrentGCThread "G1 Main Marker" [stack: 0x00000001e5a00000,0x00000001e5b00000] [id=86824]
  0x000001309ad08000 ConcurrentGCThread "G1 Conc#0" [stack: 0x00000001e5b00000,0x00000001e5c00000] [id=82756]

[error occurred during error reporting (printing all threads), id 0xc0000005, EXCEPTION_ACCESS_VIOLATION (0xc0000005) at pc=0x00007ff8c7190197]

VM state:not at safepoint (not fully initialized)

VM Mutex/Monitor currently owned by a thread:  ([mutex/lock_event])
[0x000001309acbc170] Heap_lock - owner thread: 0x000001309acbf000

Heap address: 0x0000000081e00000, size: 2018 MB, Compressed Oops mode: Non-zero based: 0x0000000081e00000
Narrow klass base: 0x0000000000000000, Narrow klass shift: 0

GC Heap History (0 events):
No events

Deoptimization events (0 events):
No events

Classes redefined (0 events):
No events

Internal exceptions (0 events):
No events

Events (0 events):
No events


Dynamic libraries:
0x00007ff747e00000 - 0x00007ff747e47000 	D:\java\jdk-11.0.2\bin\java.exe
0x00007ff92dd00000 - 0x00007ff92def0000 	C:\WINDOWS\SYSTEM32\ntdll.dll
0x00007ff92d530000 - 0x00007ff92d5e2000 	C:\WINDOWS\System32\KERNEL32.DLL
0x00007ff92af40000 - 0x00007ff92b1e3000 	C:\WINDOWS\System32\KERNELBASE.dll
0x00007ff92d6d0000 - 0x00007ff92d773000 	C:\WINDOWS\System32\ADVAPI32.dll
0x00007ff92dc20000 - 0x00007ff92dcbe000 	C:\WINDOWS\System32\msvcrt.dll
0x00007ff92cae0000 - 0x00007ff92cb77000 	C:\WINDOWS\System32\sechost.dll
0x00007ff92d7b0000 - 0x00007ff92d8d0000 	C:\WINDOWS\System32\RPCRT4.dll
0x00007ff92d170000 - 0x00007ff92d304000 	C:\WINDOWS\System32\USER32.dll
0x00007ff92bb60000 - 0x00007ff92bb81000 	C:\WINDOWS\System32\win32u.dll
0x00007ff92cfa0000 - 0x00007ff92cfc6000 	C:\WINDOWS\System32\GDI32.dll
0x00007ff92b9c0000 - 0x00007ff92bb54000 	C:\WINDOWS\System32\gdi32full.dll
0x00007ff92bce0000 - 0x00007ff92bd7e000 	C:\WINDOWS\System32\msvcp_win.dll
0x00007ff92ad40000 - 0x00007ff92ae3a000 	C:\WINDOWS\System32\ucrtbase.dll
0x00007ff91bac0000 - 0x00007ff91bd45000 	C:\WINDOWS\WinSxS\amd64_microsoft.windows.common-controls_6595b64144ccf1df_6.0.18362.418_none_e6c6b287130d565d\COMCTL32.dll
0x00007ff91e390000 - 0x00007ff91e39a000 	C:\WINDOWS\SYSTEM32\VERSION.dll
0x00007ff92cc60000 - 0x00007ff92cf96000 	C:\WINDOWS\System32\combase.dll
0x00007ff92ae40000 - 0x00007ff92aec0000 	C:\WINDOWS\System32\bcryptPrimitives.dll
0x00007ff92d780000 - 0x00007ff92d7ae000 	C:\WINDOWS\System32\IMM32.DLL
0x00007ff924800000 - 0x00007ff924816000 	D:\java\jdk-11.0.2\bin\vcruntime140.dll
0x00007ff8f3c80000 - 0x00007ff8f3d2a000 	D:\java\jdk-11.0.2\bin\msvcp140.dll
0x00007ff8c6e90000 - 0x00007ff8c79b7000 	D:\java\jdk-11.0.2\bin\server\jvm.dll
0x00007ff92cb80000 - 0x00007ff92cb88000 	C:\WINDOWS\System32\PSAPI.DLL
0x00007ff9197c0000 - 0x00007ff9197c9000 	C:\WINDOWS\SYSTEM32\WSOCK32.dll
0x00007ff926a40000 - 0x00007ff926a64000 	C:\WINDOWS\SYSTEM32\WINMM.dll
0x00007ff92d650000 - 0x00007ff92d6bf000 	C:\WINDOWS\System32\WS2_32.dll
0x00007ff9269b0000 - 0x00007ff9269dd000 	C:\WINDOWS\SYSTEM32\WINMMBASE.dll
0x00007ff92b970000 - 0x00007ff92b9ba000 	C:\WINDOWS\System32\cfgmgr32.dll
0x00007ff92ac30000 - 0x00007ff92ac41000 	C:\WINDOWS\System32\kernel.appcore.dll
0x00007ff91dcd0000 - 0x00007ff91dce1000 	D:\java\jdk-11.0.2\bin\verify.dll
0x00007ff929480000 - 0x00007ff929674000 	C:\WINDOWS\SYSTEM32\DBGHELP.DLL
0x00007ff916b50000 - 0x00007ff916b7a000 	C:\WINDOWS\SYSTEM32\dbgcore.DLL
0x00007ff917280000 - 0x00007ff9172a9000 	D:\java\jdk-11.0.2\bin\java.dll
0x00007ff924d10000 - 0x00007ff924d3f000 	D:\java\jdk-11.0.2\bin\instrument.dll
0x00007ff91b920000 - 0x00007ff91b936000 	D:\java\jdk-11.0.2\bin\zip.dll
0x00007ff927280000 - 0x00007ff92728a000 	D:\java\jdk-11.0.2\bin\jimage.dll

dbghelp: loaded successfully - version: 4.0.5 - missing functions: none
symbol engine: initialized successfully - sym options: 0x614 - pdb path: .;D:\java\jdk-11.0.2\bin;C:\WINDOWS\SYSTEM32;C:\WINDOWS\WinSxS\amd64_microsoft.windows.common-controls_6595b64144ccf1df_6.0.18362.418_none_e6c6b287130d565d;D:\java\jdk-11.0.2\bin\server

VM Arguments:
jvm_args: -Dmaven.multiModuleProjectDirectory=D:\myproject\Genesis -Dmaven.home=D:\apache-maven-3.3.3 -Dclassworlds.conf=D:\apache-maven-3.3.3\bin\m2.conf -javaagent:D:\IDEA\IntelliJ IDEA 2019.1.2\lib\idea_rt.jar=59930:D:\IDEA\IntelliJ IDEA 2019.1.2\bin -Dfile.encoding=UTF-8 
java_command: org.codehaus.classworlds.Launcher -Didea.version2019.1.2 -s D:\Java-maven\settings.xml -Dmaven.repo.local=D:\Java-maven\repository clean
java_class_path (initial): D:\apache-maven-3.3.3\boot\plexus-classworlds-2.5.2.jar
Launcher Type: SUN_STANDARD

[Global flags]
     intx CICompilerCount                          = 4                                         {product} {ergonomic}
     uint ConcGCThreads                            = 2                                         {product} {ergonomic}
     uint G1ConcRefinementThreads                  = 8                                         {product} {ergonomic}
   size_t G1HeapRegionSize                         = 1048576                                   {product} {ergonomic}
    uintx GCDrainStackTargetSize                   = 64                                        {product} {ergonomic}
   size_t InitialHeapSize                          = 134217728                                 {product} {ergonomic}
   size_t MarkStackSize                            = 4194304                                   {product} {ergonomic}
   size_t MaxHeapSize                              = 2116026368                                {product} {ergonomic}
   size_t MinHeapDeltaBytes                        = 1048576                                   {product} {ergonomic}
    uintx NonNMethodCodeHeapSize                   = 5835340                                {pd product} {ergonomic}
    uintx NonProfiledCodeHeapSize                  = 122911450                              {pd product} {ergonomic}
    uintx ProfiledCodeHeapSize                     = 122911450                              {pd product} {ergonomic}
    uintx ReservedCodeCacheSize                    = 251658240                              {pd product} {ergonomic}
     bool SegmentedCodeCache                       = true                                      {product} {ergonomic}
     bool UseCompressedClassPointers               = true                                 {lp64_product} {ergonomic}
     bool UseCompressedOops                        = true                                 {lp64_product} {ergonomic}
     bool UseG1GC                                  = true                                      {product} {ergonomic}
     bool UseLargePagesIndividualAllocation        = false                                  {pd product} {ergonomic}

Logging:
Log output configuration:
 #0: stdout all=warning uptime,level,tags
 #1: stderr all=off uptime,level,tags

Environment Variables:
JAVA_HOME=D:\Program Files\Java\jdk1.8.0_221
CLASSPATH=D:\Program Files\Java\jdk1.8.0_221\lib;D:\Program Files\Java\jdk1.8.0_221\lib\tools.jar;
PATH=C:\Program Files (x86)\Common Files\Oracle\Java\javapath;D:\Anaconda3;D:\Anaconda3\Library\mingw-w64\bin;D:\Anaconda3\Library\usr\bin;D:\Anaconda3\Library\bin;D:\Anaconda3\Scripts;D:\oracle\OracleXE\orcle\app\oracle\product\11.2.0\server\bin;C:\Program Files (x86)\Intel\iCLS Client\;C:\Program Files\Intel\iCLS Client\;C:\Windows\system32;C:\Windows;C:\Windows\System32\Wbem;C:\Windows\System32\WindowsPowerShell\v1.0\;C:\Program Files (x86)\NVIDIA Corporation\PhysX\Common;C:\Program Files (x86)\Intel\Intel(R) Management Engine Components\DAL;C:\Program Files\Intel\Intel(R) Management Engine Components\DAL;C:\Program Files (x86)\Intel\Intel(R) Management Engine Components\IPT;C:\Program Files\Intel\Intel(R) Management Engine Components\IPT;C:\WINDOWS\system32;C:\WINDOWS;C:\WINDOWS\System32\Wbem;C:\WINDOWS\System32\WindowsPowerShell\v1.0\;C:\WINDOWS\System32\OpenSSH\;C:\Users\path;C:\Program Files\MySQL\MySQL Server 8.0\bin;D:\IDEA\IntelliJ IDEA 2019.1.2\bin;D:\git\Git\cmd;D:\IDEA\IDE\clothesmarketsystem\src\com\vince\res;C:\Program Files\nodejs;D:\IDEA\IDE;D:\apache-tomcat\bin;D:\Java-8\bin;D:\apache-maven-3.3.3\bin\;D:\android\platform-tools;D:\android\tools;D:\android\tools;D:\Program Files\Java\jdk1.8.0_221\bin;D:\Program Files\Java\jdk1.8.0_221\jre\bin;D:\Tesseract-OCR;C:\Users\improve\AppData\Local\Microsoft\WindowsApps;D:\办公软件\抓包\Fiddler;C:\Users\improve\AppData\Local\BypassRuntm;D:\IDEA\IntelliJ IDEA 2019.1.2\bin;D:\java\IDE\IntelliJ IDEA 2019.1.3\bin;C:\Users\improve\AppData\Roaming\npm;D:\PyCharm\PyCharm 2019.1\bin;C:\Users\improve\AppData\Local\GitHubDesktop\bin;%USERPROFILE%\AppData\Local\Microsoft\WindowsApps;
USERNAME=improve
OS=Windows_NT
PROCESSOR_IDENTIFIER=Intel64 Family 6 Model 142 Stepping 10, GenuineIntel



---------------  S Y S T E M  ---------------

OS: Windows 10 , 64 bit Build 18362 (10.0.18362.329)

CPU:total 8 (initial active 8) (4 cores per cpu, 2 threads per core) family 6 model 142 stepping 10, cmov, cx8, fxsr, mmx, sse, sse2, sse3, ssse3, sse4.1, sse4.2, popcnt, avx, avx2, aes, clmul, erms, 3dnowpref, lzcnt, ht, tsc, tscinvbit, bmi1, bmi2, adx, fma

Memory: 4k page, system-wide physical 8066M (733M free)
TotalPageFile size 20866M (AvailPageFile size 74M)
current process WorkingSet (physical memory assigned to process): 10M, peak: 10M
current process commit charge ("private bytes"): 60M, peak: 188M

vm_info: Java HotSpot(TM) 64-Bit Server VM (11.0.2+9-LTS) for windows-amd64 JRE (11.0.2+9-LTS), built on Jan 18 2019 05:24:10 by "mach5one" with MS VC++ 15.5 (VS2017)

END.
